{
  "RSpec": {
    "coverage": {
      "/home/tatsuya/UNI-COMBO/backend/spec/system/sessions_spec.rb": {
        "lines": [
          1,
          null,
          1,
          1,
          8,
          null,
          6,
          null,
          1,
          1,
          7,
          null,
          null,
          1,
          1,
          1,
          null,
          null,
          1,
          1,
          1,
          1,
          1,
          null,
          null,
          null,
          1,
          1,
          1,
          1,
          1,
          1,
          1,
          null,
          null,
          null,
          1,
          1,
          1,
          1,
          1,
          1,
          1,
          1,
          1,
          null,
          null,
          1,
          1,
          1,
          1,
          1,
          1,
          1,
          1,
          null,
          null,
          1,
          1,
          1,
          1,
          1,
          1,
          1,
          1,
          null,
          null,
          null,
          1,
          1,
          1,
          7,
          7,
          7,
          null,
          1,
          null,
          null,
          null,
          null,
          null,
          1,
          1,
          1,
          1,
          1,
          1,
          null,
          null,
          null
        ]
      },
      "/home/tatsuya/UNI-COMBO/backend/spec/rails_helper.rb": {
        "lines": [
          1,
          1,
          1,
          null,
          1,
          1,
          null,
          2,
          null,
          null,
          1,
          null,
          0,
          null,
          null,
          1,
          1,
          1,
          1,
          1,
          1,
          1,
          1,
          1,
          null
        ]
      },
      "/home/tatsuya/UNI-COMBO/backend/config/environment.rb": {
        "lines": [
          null,
          1,
          null,
          null,
          1
        ]
      },
      "/home/tatsuya/UNI-COMBO/backend/config/application.rb": {
        "lines": [
          1,
          null,
          1,
          null,
          null,
          null,
          1,
          null,
          1,
          1,
          null,
          1,
          null,
          null,
          1,
          1,
          null,
          null,
          null,
          null,
          null,
          null,
          null,
          null,
          null,
          null,
          null,
          1,
          1,
          1,
          1,
          1,
          null,
          null,
          null,
          null,
          null,
          null,
          null,
          null
        ]
      },
      "/home/tatsuya/UNI-COMBO/backend/config/boot.rb": {
        "lines": [
          1,
          null,
          1,
          1
        ]
      },
      "/home/tatsuya/UNI-COMBO/backend/config/environments/test.rb": {
        "lines": [
          1,
          null,
          null,
          null,
          null,
          null,
          null,
          1,
          null,
          null,
          null,
          1,
          null,
          null,
          null,
          null,
          1,
          null,
          null,
          1,
          1,
          null,
          null,
          null,
          null,
          1,
          1,
          1,
          null,
          null,
          1,
          null,
          null,
          1,
          null,
          null,
          1,
          null,
          1,
          null,
          null,
          null,
          null,
          1,
          1,
          null,
          null,
          1,
          null,
          null,
          1,
          null,
          null,
          1,
          null,
          null,
          null,
          null,
          null,
          null,
          null
        ]
      },
      "/home/tatsuya/UNI-COMBO/backend/config/initializers/assets.rb": {
        "lines": [
          null,
          null,
          null,
          1,
          null,
          null,
          null,
          null,
          null,
          null,
          null,
          null
        ]
      },
      "/home/tatsuya/UNI-COMBO/backend/config/initializers/carrierwave.rb": {
        "lines": [
          1,
          0,
          0,
          0,
          null,
          null,
          null,
          null,
          null,
          0,
          0,
          0,
          0,
          null,
          null,
          1,
          1,
          1,
          1,
          1,
          null,
          null
        ]
      },
      "/home/tatsuya/UNI-COMBO/backend/config/initializers/content_security_policy.rb": {
        "lines": [
          null,
          null,
          null,
          null,
          null,
          null,
          null,
          null,
          null,
          null,
          null,
          null,
          null,
          null,
          null,
          null,
          null,
          null,
          null,
          null,
          null,
          null,
          null,
          null,
          null
        ]
      },
      "/home/tatsuya/UNI-COMBO/backend/config/initializers/filter_parameter_logging.rb": {
        "lines": [
          null,
          null,
          null,
          null,
          null,
          1,
          null,
          null
        ]
      },
      "/home/tatsuya/UNI-COMBO/backend/config/initializers/inflections.rb": {
        "lines": [
          null,
          null,
          null,
          null,
          null,
          null,
          null,
          null,
          null,
          null,
          null,
          null,
          null,
          null,
          null,
          null
        ]
      },
      "/home/tatsuya/UNI-COMBO/backend/config/initializers/kaminari_config.rb": {
        "lines": [
          null,
          null,
          1,
          1,
          null,
          null,
          null,
          null,
          null,
          null,
          null,
          null,
          null,
          null
        ]
      },
      "/home/tatsuya/UNI-COMBO/backend/config/initializers/permissions_policy.rb": {
        "lines": [
          null,
          null,
          null,
          null,
          null,
          null,
          null,
          null,
          null,
          null,
          null
        ]
      },
      "/home/tatsuya/UNI-COMBO/backend/spec/factories/characters.rb": {
        "lines": [
          1,
          1,
          1,
          null,
          null,
          null,
          null,
          null,
          null,
          null,
          null
        ]
      },
      "/home/tatsuya/UNI-COMBO/backend/spec/factories/combos.rb": {
        "lines": [
          1,
          1,
          1,
          1,
          1,
          1,
          1,
          1,
          1,
          1,
          1,
          1,
          null,
          1,
          1,
          null,
          null,
          null,
          null,
          null,
          1,
          0,
          null
        ]
      },
      "/home/tatsuya/UNI-COMBO/backend/spec/factories/comment.rb": {
        "lines": [
          1,
          1,
          1,
          1,
          1,
          null,
          null
        ]
      },
      "/home/tatsuya/UNI-COMBO/backend/spec/factories/situations.rb": {
        "lines": [
          1,
          1,
          1,
          null,
          null
        ]
      },
      "/home/tatsuya/UNI-COMBO/backend/spec/factories/users.rb": {
        "lines": [
          1,
          1,
          6,
          6,
          6,
          6,
          6,
          6,
          6,
          null,
          null,
          1,
          1,
          1,
          1,
          1,
          1,
          1,
          null,
          null
        ]
      },
      "/home/tatsuya/UNI-COMBO/backend/config/routes.rb": {
        "lines": [
          1,
          1,
          1,
          1,
          1,
          1,
          1,
          1,
          1,
          1,
          1,
          1,
          1,
          1,
          1,
          null,
          null,
          null
        ]
      },
      "/home/tatsuya/UNI-COMBO/backend/app/helpers/application_helper.rb": {
        "lines": [
          1,
          null,
          1,
          24,
          24,
          4,
          null,
          20,
          null,
          null,
          null
        ]
      },
      "/home/tatsuya/UNI-COMBO/backend/app/helpers/posts_helper.rb": {
        "lines": [
          1,
          null
        ]
      },
      "/home/tatsuya/UNI-COMBO/backend/app/helpers/sessions_helper.rb": {
        "lines": [
          1,
          null,
          1,
          2,
          2,
          null,
          null,
          1,
          0,
          0,
          0,
          null,
          null,
          1,
          35,
          11,
          11,
          11,
          null,
          24,
          0,
          0,
          0,
          0,
          null,
          null,
          null,
          null,
          1,
          28,
          null,
          null,
          1,
          2,
          2,
          2,
          null,
          null,
          1,
          0,
          0,
          0,
          null,
          null,
          1,
          0,
          null,
          null,
          1,
          0,
          null,
          null
        ]
      },
      "/home/tatsuya/UNI-COMBO/backend/app/helpers/users_helper.rb": {
        "lines": [
          1,
          null,
          null,
          1,
          0,
          0,
          0,
          null,
          null
        ]
      },
      "/home/tatsuya/UNI-COMBO/backend/spec/support/login_support.rb": {
        "lines": [
          1,
          null,
          1,
          1,
          1,
          1,
          null,
          null,
          1,
          0,
          null,
          null,
          null,
          null,
          1,
          0,
          null,
          null
        ]
      },
      "/home/tatsuya/UNI-COMBO/backend/app/controllers/sessions_controller.rb": {
        "lines": [
          1,
          1,
          1,
          null,
          1,
          null,
          null,
          1,
          12,
          12,
          null,
          2,
          2,
          null,
          0,
          null,
          null,
          null,
          1,
          0,
          0,
          null,
          null,
          1,
          null,
          1,
          10,
          2,
          2,
          null,
          8,
          8,
          null,
          null,
          null,
          1,
          2,
          null,
          null,
          1,
          2,
          null,
          null,
          1,
          2,
          2,
          2,
          2,
          2,
          null,
          null,
          1,
          0,
          0,
          null,
          null,
          1,
          0,
          0,
          null,
          null,
          1,
          8,
          8,
          null,
          null,
          1,
          10,
          10,
          null,
          null
        ]
      },
      "/home/tatsuya/UNI-COMBO/backend/app/controllers/application_controller.rb": {
        "lines": [
          1,
          1,
          null,
          1,
          null,
          null,
          1,
          0,
          0,
          0,
          0,
          null,
          null,
          null
        ]
      },
      "/home/tatsuya/UNI-COMBO/backend/app/models/user.rb": {
        "lines": [
          1,
          1,
          1,
          1,
          1,
          1,
          1,
          1,
          1,
          1,
          1,
          1,
          null,
          null,
          1,
          null,
          1,
          7,
          null,
          7,
          null,
          null,
          null,
          1,
          7,
          null,
          null,
          1,
          2,
          2,
          2,
          null,
          null,
          1,
          13,
          null,
          null,
          1,
          0,
          0,
          0,
          null,
          null,
          1,
          2,
          null,
          null,
          1,
          0,
          0,
          null,
          null,
          1,
          0,
          null,
          null,
          1,
          0,
          0,
          0,
          null,
          null,
          1,
          0,
          null,
          null,
          1,
          0,
          null,
          null,
          1,
          0,
          null,
          null,
          1,
          0,
          null,
          null,
          1,
          0,
          null,
          null,
          1,
          0,
          null,
          null,
          1,
          5,
          null,
          null,
          1,
          null,
          1,
          9,
          null,
          null,
          1,
          5,
          5,
          null,
          null
        ]
      },
      "/home/tatsuya/UNI-COMBO/backend/app/models/application_record.rb": {
        "lines": [
          1,
          1,
          null
        ]
      },
      "/home/tatsuya/UNI-COMBO/backend/app/controllers/users_controller.rb": {
        "lines": [
          1,
          1,
          1,
          null,
          1,
          2,
          2,
          2,
          null,
          null,
          1,
          0,
          null,
          null,
          1,
          0,
          0,
          0,
          0,
          0,
          null,
          0,
          null,
          null,
          null,
          1,
          0,
          null,
          null,
          1,
          0,
          0,
          0,
          0,
          null,
          0,
          null,
          null,
          null,
          1,
          null,
          1,
          0,
          null,
          null,
          null,
          1,
          0,
          0,
          null,
          null
        ]
      },
      "/home/tatsuya/UNI-COMBO/backend/app/models/combo.rb": {
        "lines": [
          1,
          1,
          1,
          1,
          1,
          1,
          20,
          1,
          1,
          1,
          1,
          1,
          1,
          null,
          null,
          1,
          null,
          null,
          1,
          1,
          1,
          null
        ]
      },
      "/home/tatsuya/UNI-COMBO/backend/app/uploaders/video_uploader.rb": {
        "lines": [
          1,
          null,
          null,
          null,
          null,
          null,
          1,
          0,
          null,
          1,
          null,
          null,
          null,
          null,
          1,
          0,
          null,
          null,
          null,
          null,
          null,
          null,
          null,
          null,
          null,
          null,
          null,
          null,
          null,
          null,
          null,
          null,
          null,
          null,
          null,
          null,
          null,
          null,
          null,
          null,
          null,
          null,
          null,
          null,
          null,
          null,
          null,
          null,
          null,
          null
        ]
      },
      "/home/tatsuya/UNI-COMBO/backend/app/models/situation.rb": {
        "lines": [
          1,
          null
        ]
      },
      "/home/tatsuya/UNI-COMBO/backend/app/models/like.rb": {
        "lines": [
          1,
          1,
          1,
          1,
          null
        ]
      },
      "/home/tatsuya/UNI-COMBO/backend/app/controllers/combos_controller.rb": {
        "lines": [
          1,
          1,
          1,
          1,
          null,
          1,
          4,
          4,
          4,
          4,
          4,
          4,
          null,
          null,
          1,
          0,
          null,
          null,
          1,
          0,
          null,
          null,
          1,
          0,
          0,
          0,
          0,
          null,
          0,
          null,
          null,
          null,
          1,
          0,
          0,
          0,
          null,
          null,
          1,
          0,
          null,
          null,
          1,
          0,
          null,
          null,
          1,
          null,
          1,
          0,
          null,
          null,
          1,
          0,
          0,
          null,
          null,
          1,
          4,
          null,
          null
        ]
      },
      "/home/tatsuya/UNI-COMBO/backend/app/models/character.rb": {
        "lines": [
          1,
          1,
          1,
          null
        ]
      }
    },
    "timestamp": 1685296371
  }
}
